<?xml version="1.0" encoding="UTF-8"?>
<testsuites>
  <testsuite name="" tests="62" assertions="210" errors="0" warnings="0" failures="0" skipped="0" time="2.219159">
    <testsuite name="Project Test Suite" tests="62" assertions="210" errors="0" warnings="0" failures="0" skipped="0" time="2.219159">
      <testsuite name="App\Card\BlackjackGameTest" file="/home/feedux/dbwebb-kurser/mvc/me/report/tests/Card/BlackjackGameTest.php" tests="10" assertions="17" errors="0" warnings="0" failures="0" skipped="0" time="0.012082">
        <testcase name="testStartDealsTwoCardsToPlayerAndDealer" class="App\Card\BlackjackGameTest" classname="App.Card.BlackjackGameTest" file="/home/feedux/dbwebb-kurser/mvc/me/report/tests/Card/BlackjackGameTest.php" line="15" assertions="2" time="0.006393"/>
        <testcase name="testPlayerTurnHitAddsCard" class="App\Card\BlackjackGameTest" classname="App.Card.BlackjackGameTest" file="/home/feedux/dbwebb-kurser/mvc/me/report/tests/Card/BlackjackGameTest.php" line="24" assertions="2" time="0.000692"/>
        <testcase name="testPlayerTurnDoubleAddsCard" class="App\Card\BlackjackGameTest" classname="App.Card.BlackjackGameTest" file="/home/feedux/dbwebb-kurser/mvc/me/report/tests/Card/BlackjackGameTest.php" line="45" assertions="2" time="0.000378"/>
        <testcase name="testPlayerTurnStandReturnsTrueAndNoCardAdded" class="App\Card\BlackjackGameTest" classname="App.Card.BlackjackGameTest" file="/home/feedux/dbwebb-kurser/mvc/me/report/tests/Card/BlackjackGameTest.php" line="65" assertions="2" time="0.000372"/>
        <testcase name="testDealerTurnDrawsUntilAtLeast17" class="App\Card\BlackjackGameTest" classname="App.Card.BlackjackGameTest" file="/home/feedux/dbwebb-kurser/mvc/me/report/tests/Card/BlackjackGameTest.php" line="77" assertions="4" time="0.001981"/>
        <testcase name="testDetermineWinnerDraw" class="App\Card\BlackjackGameTest" classname="App.Card.BlackjackGameTest" file="/home/feedux/dbwebb-kurser/mvc/me/report/tests/Card/BlackjackGameTest.php" line="90" assertions="1" time="0.000543"/>
        <testcase name="testDetermineWinnerDealerBusts" class="App\Card\BlackjackGameTest" classname="App.Card.BlackjackGameTest" file="/home/feedux/dbwebb-kurser/mvc/me/report/tests/Card/BlackjackGameTest.php" line="114" assertions="1" time="0.000438"/>
        <testcase name="testDetermineWinnerPlayerBusts" class="App\Card\BlackjackGameTest" classname="App.Card.BlackjackGameTest" file="/home/feedux/dbwebb-kurser/mvc/me/report/tests/Card/BlackjackGameTest.php" line="139" assertions="1" time="0.000412"/>
        <testcase name="testDetermineWinnerPlayerWins" class="App\Card\BlackjackGameTest" classname="App.Card.BlackjackGameTest" file="/home/feedux/dbwebb-kurser/mvc/me/report/tests/Card/BlackjackGameTest.php" line="152" assertions="1" time="0.000435"/>
        <testcase name="testDetermineWinnerDealerWins" class="App\Card\BlackjackGameTest" classname="App.Card.BlackjackGameTest" file="/home/feedux/dbwebb-kurser/mvc/me/report/tests/Card/BlackjackGameTest.php" line="177" assertions="1" time="0.000438"/>
      </testsuite>
      <testsuite name="App\Card\CardGraphicTest" file="/home/feedux/dbwebb-kurser/mvc/me/report/tests/Card/CardGraphicTest.php" tests="6" assertions="8" errors="0" warnings="0" failures="0" skipped="0" time="0.001480">
        <testcase name="testGetUnicodeCombinesValueAndSuitIcon" class="App\Card\CardGraphicTest" classname="App.Card.CardGraphicTest" file="/home/feedux/dbwebb-kurser/mvc/me/report/tests/Card/CardGraphicTest.php" line="10" assertions="2" time="0.000207"/>
        <testcase name="testGetColorRedAndBlack" class="App\Card\CardGraphicTest" classname="App.Card.CardGraphicTest" file="/home/feedux/dbwebb-kurser/mvc/me/report/tests/Card/CardGraphicTest.php" line="19" assertions="2" time="0.000253"/>
        <testcase name="testGetColoredUnicodeWrapsRedInSpan" class="App\Card\CardGraphicTest" classname="App.Card.CardGraphicTest" file="/home/feedux/dbwebb-kurser/mvc/me/report/tests/Card/CardGraphicTest.php" line="28" assertions="1" time="0.000239"/>
        <testcase name="testGetColoredUnicodeReturnsUnicodeForBlack" class="App\Card\CardGraphicTest" classname="App.Card.CardGraphicTest" file="/home/feedux/dbwebb-kurser/mvc/me/report/tests/Card/CardGraphicTest.php" line="35" assertions="1" time="0.000254"/>
        <testcase name="testToStringReturnsColoredUnicode" class="App\Card\CardGraphicTest" classname="App.Card.CardGraphicTest" file="/home/feedux/dbwebb-kurser/mvc/me/report/tests/Card/CardGraphicTest.php" line="41" assertions="1" time="0.000261"/>
        <testcase name="testInvalidSuitIconFallsBackToRawSuit" class="App\Card\CardGraphicTest" classname="App.Card.CardGraphicTest" file="/home/feedux/dbwebb-kurser/mvc/me/report/tests/Card/CardGraphicTest.php" line="47" assertions="1" time="0.000265"/>
      </testsuite>
      <testsuite name="App\Card\CardHandTest" file="/home/feedux/dbwebb-kurser/mvc/me/report/tests/Card/CardHandTest.php" tests="4" assertions="5" errors="0" warnings="0" failures="0" skipped="0" time="0.011717">
        <testcase name="testAddAddsCardToHand" class="App\Card\CardHandTest" classname="App.Card.CardHandTest" file="/home/feedux/dbwebb-kurser/mvc/me/report/tests/Card/CardHandTest.php" line="18" assertions="2" time="0.007022"/>
        <testcase name="testGetValueHandlesAcesAndFaces" class="App\Card\CardHandTest" classname="App.Card.CardHandTest" file="/home/feedux/dbwebb-kurser/mvc/me/report/tests/Card/CardHandTest.php" line="26" assertions="1" time="0.003555"/>
        <testcase name="testIsBustWhenValueOver21" class="App\Card\CardHandTest" classname="App.Card.CardHandTest" file="/home/feedux/dbwebb-kurser/mvc/me/report/tests/Card/CardHandTest.php" line="39" assertions="1" time="0.000416"/>
        <testcase name="testIsNotBustWhenValue21OrLess" class="App\Card\CardHandTest" classname="App.Card.CardHandTest" file="/home/feedux/dbwebb-kurser/mvc/me/report/tests/Card/CardHandTest.php" line="49" assertions="1" time="0.000724"/>
      </testsuite>
      <testsuite name="App\Card\CardTest" file="/home/feedux/dbwebb-kurser/mvc/me/report/tests/Card/CardTest.php" tests="3" assertions="9" errors="0" warnings="0" failures="0" skipped="0" time="0.000636">
        <testcase name="testGettersReturnAssignedValues" class="App\Card\CardTest" classname="App.Card.CardTest" file="/home/feedux/dbwebb-kurser/mvc/me/report/tests/Card/CardTest.php" line="10" assertions="2" time="0.000213"/>
        <testcase name="testGetSuitIconReturnsCorrectSymbol" class="App\Card\CardTest" classname="App.Card.CardTest" file="/home/feedux/dbwebb-kurser/mvc/me/report/tests/Card/CardTest.php" line="17" assertions="5" time="0.000220"/>
        <testcase name="testGetColorRedAndBlack" class="App\Card\CardTest" classname="App.Card.CardTest" file="/home/feedux/dbwebb-kurser/mvc/me/report/tests/Card/CardTest.php" line="27" assertions="2" time="0.000202"/>
      </testsuite>
      <testsuite name="App\Card\DealerTest" file="/home/feedux/dbwebb-kurser/mvc/me/report/tests/Card/DealerTest.php" tests="3" assertions="5" errors="0" warnings="0" failures="0" skipped="0" time="0.003471">
        <testcase name="testDealerInheritsFromPlayer" class="App\Card\DealerTest" classname="App.Card.DealerTest" file="/home/feedux/dbwebb-kurser/mvc/me/report/tests/Card/DealerTest.php" line="14" assertions="1" time="0.000509"/>
        <testcase name="testPlayTurnStopsAtSeventeenOrMore" class="App\Card\DealerTest" classname="App.Card.DealerTest" file="/home/feedux/dbwebb-kurser/mvc/me/report/tests/Card/DealerTest.php" line="20" assertions="3" time="0.002561"/>
        <testcase name="testPlayTurnDoesNotDrawIfAlreadySeventeenOrMore" class="App\Card\DealerTest" classname="App.Card.DealerTest" file="/home/feedux/dbwebb-kurser/mvc/me/report/tests/Card/DealerTest.php" line="48" assertions="1" time="0.000401"/>
      </testsuite>
      <testsuite name="App\Card\DeckOfCardsTest" file="/home/feedux/dbwebb-kurser/mvc/me/report/tests/Card/DeckOfCardsTest.php" tests="5" assertions="62" errors="0" warnings="0" failures="0" skipped="0" time="0.008995">
        <testcase name="testResetDeck" class="App\Card\DeckOfCardsTest" classname="App.Card.DeckOfCardsTest" file="/home/feedux/dbwebb-kurser/mvc/me/report/tests/Card/DeckOfCardsTest.php" line="18" assertions="53" time="0.002338"/>
        <testcase name="testShuffle" class="App\Card\DeckOfCardsTest" classname="App.Card.DeckOfCardsTest" file="/home/feedux/dbwebb-kurser/mvc/me/report/tests/Card/DeckOfCardsTest.php" line="37" assertions="1" time="0.005206"/>
        <testcase name="testDraw" class="App\Card\DeckOfCardsTest" classname="App.Card.DeckOfCardsTest" file="/home/feedux/dbwebb-kurser/mvc/me/report/tests/Card/DeckOfCardsTest.php" line="48" assertions="4" time="0.000555"/>
        <testcase name="testCardsLeft" class="App\Card\DeckOfCardsTest" classname="App.Card.DeckOfCardsTest" file="/home/feedux/dbwebb-kurser/mvc/me/report/tests/Card/DeckOfCardsTest.php" line="61" assertions="3" time="0.000472"/>
        <testcase name="testGetCards" class="App\Card\DeckOfCardsTest" classname="App.Card.DeckOfCardsTest" file="/home/feedux/dbwebb-kurser/mvc/me/report/tests/Card/DeckOfCardsTest.php" line="73" assertions="1" time="0.000425"/>
      </testsuite>
      <testsuite name="App\Card\PlayerTest" file="/home/feedux/dbwebb-kurser/mvc/me/report/tests/Card/PlayerTest.php" tests="4" assertions="8" errors="0" warnings="0" failures="0" skipped="0" time="0.001423">
        <testcase name="testNewPlayerHasEmptyHand" class="App\Card\PlayerTest" classname="App.Card.PlayerTest" file="/home/feedux/dbwebb-kurser/mvc/me/report/tests/Card/PlayerTest.php" line="19" assertions="4" time="0.000230"/>
        <testcase name="testHitAddsCardAndUpdatesValue" class="App\Card\PlayerTest" classname="App.Card.PlayerTest" file="/home/feedux/dbwebb-kurser/mvc/me/report/tests/Card/PlayerTest.php" line="28" assertions="2" time="0.000415"/>
        <testcase name="testStandDoesNotChangeHand" class="App\Card\PlayerTest" classname="App.Card.PlayerTest" file="/home/feedux/dbwebb-kurser/mvc/me/report/tests/Card/PlayerTest.php" line="37" assertions="1" time="0.000379"/>
        <testcase name="testIsBustWhenValueExceeds21" class="App\Card\PlayerTest" classname="App.Card.PlayerTest" file="/home/feedux/dbwebb-kurser/mvc/me/report/tests/Card/PlayerTest.php" line="46" assertions="1" time="0.000399"/>
      </testsuite>
      <testsuite name="App\Tests\Controller\APIControllerJsonTest" file="/home/feedux/dbwebb-kurser/mvc/me/report/tests/Controller/APIControllerTest.php" tests="10" assertions="48" errors="0" warnings="0" failures="0" skipped="0" time="2.154102">
        <testcase name="testJsonNumberReturnsValidResponse" class="App\Tests\Controller\APIControllerJsonTest" classname="App.Tests.Controller.APIControllerJsonTest" file="/home/feedux/dbwebb-kurser/mvc/me/report/tests/Controller/APIControllerTest.php" line="28" assertions="5" time="2.090789"/>
        <testcase name="testJsonQuoteReturnsQuoteAndDate" class="App\Tests\Controller\APIControllerJsonTest" classname="App.Tests.Controller.APIControllerJsonTest" file="/home/feedux/dbwebb-kurser/mvc/me/report/tests/Controller/APIControllerTest.php" line="41" assertions="7" time="0.002152"/>
        <testcase name="testGetDeckInitializesAndReturnsSortedDeck" class="App\Tests\Controller\APIControllerJsonTest" classname="App.Tests.Controller.APIControllerJsonTest" file="/home/feedux/dbwebb-kurser/mvc/me/report/tests/Controller/APIControllerTest.php" line="55" assertions="11" time="0.003609"/>
        <testcase name="testShuffleDeckReturnsShuffledDeck" class="App\Tests\Controller\APIControllerJsonTest" classname="App.Tests.Controller.APIControllerJsonTest" file="/home/feedux/dbwebb-kurser/mvc/me/report/tests/Controller/APIControllerTest.php" line="84" assertions="4" time="0.001845"/>
        <testcase name="testDrawCardsSuccess" class="App\Tests\Controller\APIControllerJsonTest" classname="App.Tests.Controller.APIControllerJsonTest" file="/home/feedux/dbwebb-kurser/mvc/me/report/tests/Controller/APIControllerTest.php" line="99" assertions="6" time="0.001898"/>
        <testcase name="testDrawCardsTooMany" class="App\Tests\Controller\APIControllerJsonTest" classname="App.Tests.Controller.APIControllerJsonTest" file="/home/feedux/dbwebb-kurser/mvc/me/report/tests/Controller/APIControllerTest.php" line="119" assertions="3" time="0.001649"/>
        <testcase name="testFormDrawRedirect" class="App\Tests\Controller\APIControllerJsonTest" classname="App.Tests.Controller.APIControllerJsonTest" file="/home/feedux/dbwebb-kurser/mvc/me/report/tests/Controller/APIControllerTest.php" line="133" assertions="3" time="0.032902"/>
        <testcase name="testListBooksReturnsJson" class="App\Tests\Controller\APIControllerJsonTest" classname="App.Tests.Controller.APIControllerJsonTest" file="/home/feedux/dbwebb-kurser/mvc/me/report/tests/Controller/APIControllerTest.php" line="146" assertions="3" time="0.015446"/>
        <testcase name="testGetBookByIsbnFound" class="App\Tests\Controller\APIControllerJsonTest" classname="App.Tests.Controller.APIControllerJsonTest" file="/home/feedux/dbwebb-kurser/mvc/me/report/tests/Controller/APIControllerTest.php" line="166" assertions="3" time="0.002121"/>
        <testcase name="testGetBookByIsbnNotFound" class="App\Tests\Controller\APIControllerJsonTest" classname="App.Tests.Controller.APIControllerJsonTest" file="/home/feedux/dbwebb-kurser/mvc/me/report/tests/Controller/APIControllerTest.php" line="186" assertions="3" time="0.001692"/>
      </testsuite>
      <testsuite name="App\Tests\Controller\CardControllerTest" file="/home/feedux/dbwebb-kurser/mvc/me/report/tests/Controller/CardControllerTest.php" tests="8" assertions="23" errors="0" warnings="0" failures="0" skipped="0" time="0.014063">
        <testcase name="testHomeRendersWithSessionData" class="App\Tests\Controller\CardControllerTest" classname="App.Tests.Controller.CardControllerTest" file="/home/feedux/dbwebb-kurser/mvc/me/report/tests/Controller/CardControllerTest.php" line="50" assertions="3" time="0.005228"/>
        <testcase name="testIndexRendersWithSessionData" class="App\Tests\Controller\CardControllerTest" classname="App.Tests.Controller.CardControllerTest" file="/home/feedux/dbwebb-kurser/mvc/me/report/tests/Controller/CardControllerTest.php" line="64" assertions="3" time="0.000800"/>
        <testcase name="testSessionDeleteClearsSessionAndRedirects" class="App\Tests\Controller\CardControllerTest" classname="App.Tests.Controller.CardControllerTest" file="/home/feedux/dbwebb-kurser/mvc/me/report/tests/Controller/CardControllerTest.php" line="79" assertions="3" time="0.000811"/>
        <testcase name="testDeckCreatesNewDeckWhenNoneInSession" class="App\Tests\Controller\CardControllerTest" classname="App.Tests.Controller.CardControllerTest" file="/home/feedux/dbwebb-kurser/mvc/me/report/tests/Controller/CardControllerTest.php" line="92" assertions="3" time="0.001478"/>
        <testcase name="testDeckShuffleAlwaysShufflesAndRenders" class="App\Tests\Controller\CardControllerTest" classname="App.Tests.Controller.CardControllerTest" file="/home/feedux/dbwebb-kurser/mvc/me/report/tests/Controller/CardControllerTest.php" line="114" assertions="3" time="0.001342"/>
        <testcase name="testDeckDrawCreatesDeckIfMissingAndDrawsOneCard" class="App\Tests\Controller\CardControllerTest" classname="App.Tests.Controller.CardControllerTest" file="/home/feedux/dbwebb-kurser/mvc/me/report/tests/Controller/CardControllerTest.php" line="128" assertions="3" time="0.001370"/>
        <testcase name="testDeckDrawNumberThrowsWhenTooMany" class="App\Tests\Controller\CardControllerTest" classname="App.Tests.Controller.CardControllerTest" file="/home/feedux/dbwebb-kurser/mvc/me/report/tests/Controller/CardControllerTest.php" line="147" assertions="2" time="0.001570"/>
        <testcase name="testDeckDrawNumberDrawsSpecifiedCount" class="App\Tests\Controller\CardControllerTest" classname="App.Tests.Controller.CardControllerTest" file="/home/feedux/dbwebb-kurser/mvc/me/report/tests/Controller/CardControllerTest.php" line="156" assertions="3" time="0.001464"/>
      </testsuite>
      <testsuite name="App\Tests\Controller\GameControllerTest" file="/home/feedux/dbwebb-kurser/mvc/me/report/tests/Controller/GameControllerTest.php" tests="9" assertions="25" errors="0" warnings="0" failures="0" skipped="0" time="0.011190">
        <testcase name="testHomeRenders" class="App\Tests\Controller\GameControllerTest" classname="App.Tests.Controller.GameControllerTest" file="/home/feedux/dbwebb-kurser/mvc/me/report/tests/Controller/GameControllerTest.php" line="48" assertions="2" time="0.000957"/>
        <testcase name="testDocRenders" class="App\Tests\Controller\GameControllerTest" classname="App.Tests.Controller.GameControllerTest" file="/home/feedux/dbwebb-kurser/mvc/me/report/tests/Controller/GameControllerTest.php" line="55" assertions="2" time="0.000668"/>
        <testcase name="testStartCreatesGameAndRedirects" class="App\Tests\Controller\GameControllerTest" classname="App.Tests.Controller.GameControllerTest" file="/home/feedux/dbwebb-kurser/mvc/me/report/tests/Controller/GameControllerTest.php" line="62" assertions="3" time="0.001161"/>
        <testcase name="testPlayRendersWithGameData" class="App\Tests\Controller\GameControllerTest" classname="App.Tests.Controller.GameControllerTest" file="/home/feedux/dbwebb-kurser/mvc/me/report/tests/Controller/GameControllerTest.php" line="74" assertions="2" time="0.002215"/>
        <testcase name="testHitAliveRedirects" class="App\Tests\Controller\GameControllerTest" classname="App.Tests.Controller.GameControllerTest" file="/home/feedux/dbwebb-kurser/mvc/me/report/tests/Controller/GameControllerTest.php" line="108" assertions="3" time="0.001076"/>
        <testcase name="testHitDeadRedirects" class="App\Tests\Controller\GameControllerTest" classname="App.Tests.Controller.GameControllerTest" file="/home/feedux/dbwebb-kurser/mvc/me/report/tests/Controller/GameControllerTest.php" line="122" assertions="3" time="0.001286"/>
        <testcase name="testStandAlwaysRedirectsToResult" class="App\Tests\Controller\GameControllerTest" classname="App.Tests.Controller.GameControllerTest" file="/home/feedux/dbwebb-kurser/mvc/me/report/tests/Controller/GameControllerTest.php" line="136" assertions="4" time="0.001186"/>
        <testcase name="testDoubleHandlesAliveAndRedirects" class="App\Tests\Controller\GameControllerTest" classname="App.Tests.Controller.GameControllerTest" file="/home/feedux/dbwebb-kurser/mvc/me/report/tests/Controller/GameControllerTest.php" line="151" assertions="4" time="0.001172"/>
        <testcase name="testResultRendersWithWinner" class="App\Tests\Controller\GameControllerTest" classname="App.Tests.Controller.GameControllerTest" file="/home/feedux/dbwebb-kurser/mvc/me/report/tests/Controller/GameControllerTest.php" line="166" assertions="2" time="0.001469"/>
      </testsuite>
    </testsuite>
  </testsuite>
</testsuites>
