<?xml version="1.0" encoding="UTF-8"?>
<testsuites>
  <testsuite name="" tests="67" assertions="217" errors="0" warnings="0" failures="0" skipped="0" time="1.375940">
    <testsuite name="Project Test Suite" tests="67" assertions="217" errors="0" warnings="0" failures="0" skipped="0" time="1.375940">
      <testsuite name="App\Card\BlackjackGameTest" file="/home/feedux/dbwebb-kurser/mvc/me/report/tests/Card/BlackjackGameTest.php" tests="10" assertions="17" errors="0" warnings="0" failures="0" skipped="0" time="0.016067">
        <testcase name="testStartDealsTwoCardsToPlayerAndDealer" class="App\Card\BlackjackGameTest" classname="App.Card.BlackjackGameTest" file="/home/feedux/dbwebb-kurser/mvc/me/report/tests/Card/BlackjackGameTest.php" line="15" assertions="2" time="0.006983"/>
        <testcase name="testPlayerTurnHitAddsCard" class="App\Card\BlackjackGameTest" classname="App.Card.BlackjackGameTest" file="/home/feedux/dbwebb-kurser/mvc/me/report/tests/Card/BlackjackGameTest.php" line="24" assertions="2" time="0.001223"/>
        <testcase name="testPlayerTurnDoubleAddsCard" class="App\Card\BlackjackGameTest" classname="App.Card.BlackjackGameTest" file="/home/feedux/dbwebb-kurser/mvc/me/report/tests/Card/BlackjackGameTest.php" line="45" assertions="2" time="0.000769"/>
        <testcase name="testPlayerTurnStandReturnsTrueAndNoCardAdded" class="App\Card\BlackjackGameTest" classname="App.Card.BlackjackGameTest" file="/home/feedux/dbwebb-kurser/mvc/me/report/tests/Card/BlackjackGameTest.php" line="65" assertions="2" time="0.000742"/>
        <testcase name="testDealerTurnDrawsUntilAtLeast17" class="App\Card\BlackjackGameTest" classname="App.Card.BlackjackGameTest" file="/home/feedux/dbwebb-kurser/mvc/me/report/tests/Card/BlackjackGameTest.php" line="77" assertions="4" time="0.003460"/>
        <testcase name="testDetermineWinnerDraw" class="App\Card\BlackjackGameTest" classname="App.Card.BlackjackGameTest" file="/home/feedux/dbwebb-kurser/mvc/me/report/tests/Card/BlackjackGameTest.php" line="90" assertions="1" time="0.000519"/>
        <testcase name="testDetermineWinnerDealerBusts" class="App\Card\BlackjackGameTest" classname="App.Card.BlackjackGameTest" file="/home/feedux/dbwebb-kurser/mvc/me/report/tests/Card/BlackjackGameTest.php" line="114" assertions="1" time="0.000462"/>
        <testcase name="testDetermineWinnerPlayerBusts" class="App\Card\BlackjackGameTest" classname="App.Card.BlackjackGameTest" file="/home/feedux/dbwebb-kurser/mvc/me/report/tests/Card/BlackjackGameTest.php" line="139" assertions="1" time="0.000514"/>
        <testcase name="testDetermineWinnerPlayerWins" class="App\Card\BlackjackGameTest" classname="App.Card.BlackjackGameTest" file="/home/feedux/dbwebb-kurser/mvc/me/report/tests/Card/BlackjackGameTest.php" line="152" assertions="1" time="0.000575"/>
        <testcase name="testDetermineWinnerDealerWins" class="App\Card\BlackjackGameTest" classname="App.Card.BlackjackGameTest" file="/home/feedux/dbwebb-kurser/mvc/me/report/tests/Card/BlackjackGameTest.php" line="177" assertions="1" time="0.000821"/>
      </testsuite>
      <testsuite name="App\Card\CardGraphicTest" file="/home/feedux/dbwebb-kurser/mvc/me/report/tests/Card/CardGraphicTest.php" tests="6" assertions="8" errors="0" warnings="0" failures="0" skipped="0" time="0.002483">
        <testcase name="testGetUnicodeCombinesValueAndSuitIcon" class="App\Card\CardGraphicTest" classname="App.Card.CardGraphicTest" file="/home/feedux/dbwebb-kurser/mvc/me/report/tests/Card/CardGraphicTest.php" line="10" assertions="2" time="0.000287"/>
        <testcase name="testGetColorRedAndBlack" class="App\Card\CardGraphicTest" classname="App.Card.CardGraphicTest" file="/home/feedux/dbwebb-kurser/mvc/me/report/tests/Card/CardGraphicTest.php" line="19" assertions="2" time="0.000468"/>
        <testcase name="testGetColoredUnicodeWrapsRedInSpan" class="App\Card\CardGraphicTest" classname="App.Card.CardGraphicTest" file="/home/feedux/dbwebb-kurser/mvc/me/report/tests/Card/CardGraphicTest.php" line="28" assertions="1" time="0.000443"/>
        <testcase name="testGetColoredUnicodeReturnsUnicodeForBlack" class="App\Card\CardGraphicTest" classname="App.Card.CardGraphicTest" file="/home/feedux/dbwebb-kurser/mvc/me/report/tests/Card/CardGraphicTest.php" line="35" assertions="1" time="0.000528"/>
        <testcase name="testToStringReturnsColoredUnicode" class="App\Card\CardGraphicTest" classname="App.Card.CardGraphicTest" file="/home/feedux/dbwebb-kurser/mvc/me/report/tests/Card/CardGraphicTest.php" line="41" assertions="1" time="0.000483"/>
        <testcase name="testInvalidSuitIconFallsBackToRawSuit" class="App\Card\CardGraphicTest" classname="App.Card.CardGraphicTest" file="/home/feedux/dbwebb-kurser/mvc/me/report/tests/Card/CardGraphicTest.php" line="47" assertions="1" time="0.000275"/>
      </testsuite>
      <testsuite name="App\Card\CardHandTest" file="/home/feedux/dbwebb-kurser/mvc/me/report/tests/Card/CardHandTest.php" tests="4" assertions="5" errors="0" warnings="0" failures="0" skipped="0" time="0.017412">
        <testcase name="testAddAddsCardToHand" class="App\Card\CardHandTest" classname="App.Card.CardHandTest" file="/home/feedux/dbwebb-kurser/mvc/me/report/tests/Card/CardHandTest.php" line="18" assertions="2" time="0.011446"/>
        <testcase name="testGetValueHandlesAcesAndFaces" class="App\Card\CardHandTest" classname="App.Card.CardHandTest" file="/home/feedux/dbwebb-kurser/mvc/me/report/tests/Card/CardHandTest.php" line="26" assertions="1" time="0.004156"/>
        <testcase name="testIsBustWhenValueOver21" class="App\Card\CardHandTest" classname="App.Card.CardHandTest" file="/home/feedux/dbwebb-kurser/mvc/me/report/tests/Card/CardHandTest.php" line="39" assertions="1" time="0.000492"/>
        <testcase name="testIsNotBustWhenValue21OrLess" class="App\Card\CardHandTest" classname="App.Card.CardHandTest" file="/home/feedux/dbwebb-kurser/mvc/me/report/tests/Card/CardHandTest.php" line="49" assertions="1" time="0.001318"/>
      </testsuite>
      <testsuite name="App\Card\CardTest" file="/home/feedux/dbwebb-kurser/mvc/me/report/tests/Card/CardTest.php" tests="3" assertions="9" errors="0" warnings="0" failures="0" skipped="0" time="0.001209">
        <testcase name="testGettersReturnAssignedValues" class="App\Card\CardTest" classname="App.Card.CardTest" file="/home/feedux/dbwebb-kurser/mvc/me/report/tests/Card/CardTest.php" line="10" assertions="2" time="0.000396"/>
        <testcase name="testGetSuitIconReturnsCorrectSymbol" class="App\Card\CardTest" classname="App.Card.CardTest" file="/home/feedux/dbwebb-kurser/mvc/me/report/tests/Card/CardTest.php" line="17" assertions="5" time="0.000424"/>
        <testcase name="testGetColorRedAndBlack" class="App\Card\CardTest" classname="App.Card.CardTest" file="/home/feedux/dbwebb-kurser/mvc/me/report/tests/Card/CardTest.php" line="27" assertions="2" time="0.000389"/>
      </testsuite>
      <testsuite name="App\Card\DealerTest" file="/home/feedux/dbwebb-kurser/mvc/me/report/tests/Card/DealerTest.php" tests="3" assertions="5" errors="0" warnings="0" failures="0" skipped="0" time="0.005882">
        <testcase name="testDealerInheritsFromPlayer" class="App\Card\DealerTest" classname="App.Card.DealerTest" file="/home/feedux/dbwebb-kurser/mvc/me/report/tests/Card/DealerTest.php" line="14" assertions="1" time="0.001128"/>
        <testcase name="testPlayTurnStopsAtSeventeenOrMore" class="App\Card\DealerTest" classname="App.Card.DealerTest" file="/home/feedux/dbwebb-kurser/mvc/me/report/tests/Card/DealerTest.php" line="20" assertions="3" time="0.004175"/>
        <testcase name="testPlayTurnDoesNotDrawIfAlreadySeventeenOrMore" class="App\Card\DealerTest" classname="App.Card.DealerTest" file="/home/feedux/dbwebb-kurser/mvc/me/report/tests/Card/DealerTest.php" line="48" assertions="1" time="0.000579"/>
      </testsuite>
      <testsuite name="App\Card\DeckOfCardsTest" file="/home/feedux/dbwebb-kurser/mvc/me/report/tests/Card/DeckOfCardsTest.php" tests="5" assertions="62" errors="0" warnings="0" failures="0" skipped="0" time="0.009273">
        <testcase name="testResetDeck" class="App\Card\DeckOfCardsTest" classname="App.Card.DeckOfCardsTest" file="/home/feedux/dbwebb-kurser/mvc/me/report/tests/Card/DeckOfCardsTest.php" line="18" assertions="53" time="0.002253"/>
        <testcase name="testShuffle" class="App\Card\DeckOfCardsTest" classname="App.Card.DeckOfCardsTest" file="/home/feedux/dbwebb-kurser/mvc/me/report/tests/Card/DeckOfCardsTest.php" line="37" assertions="1" time="0.005486"/>
        <testcase name="testDraw" class="App\Card\DeckOfCardsTest" classname="App.Card.DeckOfCardsTest" file="/home/feedux/dbwebb-kurser/mvc/me/report/tests/Card/DeckOfCardsTest.php" line="48" assertions="4" time="0.000596"/>
        <testcase name="testCardsLeft" class="App\Card\DeckOfCardsTest" classname="App.Card.DeckOfCardsTest" file="/home/feedux/dbwebb-kurser/mvc/me/report/tests/Card/DeckOfCardsTest.php" line="61" assertions="3" time="0.000501"/>
        <testcase name="testGetCards" class="App\Card\DeckOfCardsTest" classname="App.Card.DeckOfCardsTest" file="/home/feedux/dbwebb-kurser/mvc/me/report/tests/Card/DeckOfCardsTest.php" line="73" assertions="1" time="0.000437"/>
      </testsuite>
      <testsuite name="App\Card\PlayerTest" file="/home/feedux/dbwebb-kurser/mvc/me/report/tests/Card/PlayerTest.php" tests="4" assertions="8" errors="0" warnings="0" failures="0" skipped="0" time="0.001899">
        <testcase name="testNewPlayerHasEmptyHand" class="App\Card\PlayerTest" classname="App.Card.PlayerTest" file="/home/feedux/dbwebb-kurser/mvc/me/report/tests/Card/PlayerTest.php" line="19" assertions="4" time="0.000281"/>
        <testcase name="testHitAddsCardAndUpdatesValue" class="App\Card\PlayerTest" classname="App.Card.PlayerTest" file="/home/feedux/dbwebb-kurser/mvc/me/report/tests/Card/PlayerTest.php" line="28" assertions="2" time="0.000429"/>
        <testcase name="testStandDoesNotChangeHand" class="App\Card\PlayerTest" classname="App.Card.PlayerTest" file="/home/feedux/dbwebb-kurser/mvc/me/report/tests/Card/PlayerTest.php" line="37" assertions="1" time="0.000611"/>
        <testcase name="testIsBustWhenValueExceeds21" class="App\Card\PlayerTest" classname="App.Card.PlayerTest" file="/home/feedux/dbwebb-kurser/mvc/me/report/tests/Card/PlayerTest.php" line="46" assertions="1" time="0.000577"/>
      </testsuite>
      <testsuite name="App\Tests\Controller\APIControllerJsonTest" file="/home/feedux/dbwebb-kurser/mvc/me/report/tests/Controller/APIControllerTest.php" tests="10" assertions="48" errors="0" warnings="0" failures="0" skipped="0" time="0.302381">
        <testcase name="testJsonNumberReturnsValidResponse" class="App\Tests\Controller\APIControllerJsonTest" classname="App.Tests.Controller.APIControllerJsonTest" file="/home/feedux/dbwebb-kurser/mvc/me/report/tests/Controller/APIControllerTest.php" line="28" assertions="5" time="0.246655"/>
        <testcase name="testJsonQuoteReturnsQuoteAndDate" class="App\Tests\Controller\APIControllerJsonTest" classname="App.Tests.Controller.APIControllerJsonTest" file="/home/feedux/dbwebb-kurser/mvc/me/report/tests/Controller/APIControllerTest.php" line="41" assertions="7" time="0.001821"/>
        <testcase name="testGetDeckInitializesAndReturnsSortedDeck" class="App\Tests\Controller\APIControllerJsonTest" classname="App.Tests.Controller.APIControllerJsonTest" file="/home/feedux/dbwebb-kurser/mvc/me/report/tests/Controller/APIControllerTest.php" line="55" assertions="11" time="0.004738"/>
        <testcase name="testShuffleDeckReturnsShuffledDeck" class="App\Tests\Controller\APIControllerJsonTest" classname="App.Tests.Controller.APIControllerJsonTest" file="/home/feedux/dbwebb-kurser/mvc/me/report/tests/Controller/APIControllerTest.php" line="84" assertions="4" time="0.001937"/>
        <testcase name="testDrawCardsSuccess" class="App\Tests\Controller\APIControllerJsonTest" classname="App.Tests.Controller.APIControllerJsonTest" file="/home/feedux/dbwebb-kurser/mvc/me/report/tests/Controller/APIControllerTest.php" line="99" assertions="6" time="0.001768"/>
        <testcase name="testDrawCardsTooMany" class="App\Tests\Controller\APIControllerJsonTest" classname="App.Tests.Controller.APIControllerJsonTest" file="/home/feedux/dbwebb-kurser/mvc/me/report/tests/Controller/APIControllerTest.php" line="119" assertions="3" time="0.001707"/>
        <testcase name="testFormDrawRedirect" class="App\Tests\Controller\APIControllerJsonTest" classname="App.Tests.Controller.APIControllerJsonTest" file="/home/feedux/dbwebb-kurser/mvc/me/report/tests/Controller/APIControllerTest.php" line="133" assertions="3" time="0.018252"/>
        <testcase name="testListBooksReturnsJson" class="App\Tests\Controller\APIControllerJsonTest" classname="App.Tests.Controller.APIControllerJsonTest" file="/home/feedux/dbwebb-kurser/mvc/me/report/tests/Controller/APIControllerTest.php" line="146" assertions="3" time="0.022042"/>
        <testcase name="testGetBookByIsbnFound" class="App\Tests\Controller\APIControllerJsonTest" classname="App.Tests.Controller.APIControllerJsonTest" file="/home/feedux/dbwebb-kurser/mvc/me/report/tests/Controller/APIControllerTest.php" line="166" assertions="3" time="0.002021"/>
        <testcase name="testGetBookByIsbnNotFound" class="App\Tests\Controller\APIControllerJsonTest" classname="App.Tests.Controller.APIControllerJsonTest" file="/home/feedux/dbwebb-kurser/mvc/me/report/tests/Controller/APIControllerTest.php" line="186" assertions="3" time="0.001441"/>
      </testsuite>
      <testsuite name="App\Tests\Controller\CardControllerTest" file="/home/feedux/dbwebb-kurser/mvc/me/report/tests/Controller/CardControllerTest.php" tests="7" assertions="15" errors="0" warnings="0" failures="0" skipped="0" time="0.475373">
        <testcase name="testCardHome" class="App\Tests\Controller\CardControllerTest" classname="App.Tests.Controller.CardControllerTest" file="/home/feedux/dbwebb-kurser/mvc/me/report/tests/Controller/CardControllerTest.php" line="9" assertions="2" time="0.184808"/>
        <testcase name="testDeckRouteCreatesDeck" class="App\Tests\Controller\CardControllerTest" classname="App.Tests.Controller.CardControllerTest" file="/home/feedux/dbwebb-kurser/mvc/me/report/tests/Controller/CardControllerTest.php" line="18" assertions="3" time="0.024792"/>
        <testcase name="testDeckShuffleRoute" class="App\Tests\Controller\CardControllerTest" classname="App.Tests.Controller.CardControllerTest" file="/home/feedux/dbwebb-kurser/mvc/me/report/tests/Controller/CardControllerTest.php" line="27" assertions="2" time="0.020793"/>
        <testcase name="testDrawOneCard" class="App\Tests\Controller\CardControllerTest" classname="App.Tests.Controller.CardControllerTest" file="/home/feedux/dbwebb-kurser/mvc/me/report/tests/Controller/CardControllerTest.php" line="36" assertions="2" time="0.036979"/>
        <testcase name="testDrawMultipleCards" class="App\Tests\Controller\CardControllerTest" classname="App.Tests.Controller.CardControllerTest" file="/home/feedux/dbwebb-kurser/mvc/me/report/tests/Controller/CardControllerTest.php" line="46" assertions="2" time="0.035600"/>
        <testcase name="testDrawTooManyCards" class="App\Tests\Controller\CardControllerTest" classname="App.Tests.Controller.CardControllerTest" file="/home/feedux/dbwebb-kurser/mvc/me/report/tests/Controller/CardControllerTest.php" line="56" assertions="2" time="0.155136"/>
        <testcase name="testSessionDelete" class="App\Tests\Controller\CardControllerTest" classname="App.Tests.Controller.CardControllerTest" file="/home/feedux/dbwebb-kurser/mvc/me/report/tests/Controller/CardControllerTest.php" line="65" assertions="2" time="0.017266"/>
      </testsuite>
      <testsuite name="App\Tests\Controller\GameControllerTest" file="/home/feedux/dbwebb-kurser/mvc/me/report/tests/Controller/GameControllerTest.php" tests="8" assertions="18" errors="0" warnings="0" failures="0" skipped="0" time="0.318346">
        <testcase name="testHomePageLoads" class="App\Tests\Controller\GameControllerTest" classname="App.Tests.Controller.GameControllerTest" file="/home/feedux/dbwebb-kurser/mvc/me/report/tests/Controller/GameControllerTest.php" line="16" assertions="2" time="0.021497"/>
        <testcase name="testStartRedirectsToPlayAndSessionIsSet" class="App\Tests\Controller\GameControllerTest" classname="App.Tests.Controller.GameControllerTest" file="/home/feedux/dbwebb-kurser/mvc/me/report/tests/Controller/GameControllerTest.php" line="23" assertions="3" time="0.036376"/>
        <testcase name="testPlayPageLoads" class="App\Tests\Controller\GameControllerTest" classname="App.Tests.Controller.GameControllerTest" file="/home/feedux/dbwebb-kurser/mvc/me/report/tests/Controller/GameControllerTest.php" line="33" assertions="4" time="0.051542"/>
        <testcase name="testHitRedirectsProperly" class="App\Tests\Controller\GameControllerTest" classname="App.Tests.Controller.GameControllerTest" file="/home/feedux/dbwebb-kurser/mvc/me/report/tests/Controller/GameControllerTest.php" line="48" assertions="1" time="0.038122"/>
        <testcase name="testStandRedirectsToResult" class="App\Tests\Controller\GameControllerTest" classname="App.Tests.Controller.GameControllerTest" file="/home/feedux/dbwebb-kurser/mvc/me/report/tests/Controller/GameControllerTest.php" line="58" assertions="2" time="0.047817"/>
        <testcase name="testDoubleRedirectsToResult" class="App\Tests\Controller\GameControllerTest" classname="App.Tests.Controller.GameControllerTest" file="/home/feedux/dbwebb-kurser/mvc/me/report/tests/Controller/GameControllerTest.php" line="67" assertions="2" time="0.034667"/>
        <testcase name="testResultPageLoads" class="App\Tests\Controller\GameControllerTest" classname="App.Tests.Controller.GameControllerTest" file="/home/feedux/dbwebb-kurser/mvc/me/report/tests/Controller/GameControllerTest.php" line="76" assertions="2" time="0.068408"/>
        <testcase name="testDocPageLoads" class="App\Tests\Controller\GameControllerTest" classname="App.Tests.Controller.GameControllerTest" file="/home/feedux/dbwebb-kurser/mvc/me/report/tests/Controller/GameControllerTest.php" line="90" assertions="2" time="0.019916"/>
      </testsuite>
      <testsuite name="App\Tests\Controller\ProductControllerTest" file="/home/feedux/dbwebb-kurser/mvc/me/report/tests/Controller/ProductControllerTest.php" tests="7" assertions="22" errors="0" warnings="0" failures="0" skipped="0" time="0.225614">
        <testcase name="testIndexPageLoads" class="App\Tests\Controller\ProductControllerTest" classname="App.Tests.Controller.ProductControllerTest" file="/home/feedux/dbwebb-kurser/mvc/me/report/tests/Controller/ProductControllerTest.php" line="22" assertions="3" time="0.017307"/>
        <testcase name="testCreateProduct" class="App\Tests\Controller\ProductControllerTest" classname="App.Tests.Controller.ProductControllerTest" file="/home/feedux/dbwebb-kurser/mvc/me/report/tests/Controller/ProductControllerTest.php" line="29" assertions="2" time="0.076807"/>
        <testcase name="testShowAllProduct" class="App\Tests\Controller\ProductControllerTest" classname="App.Tests.Controller.ProductControllerTest" file="/home/feedux/dbwebb-kurser/mvc/me/report/tests/Controller/ProductControllerTest.php" line="37" assertions="5" time="0.036549"/>
        <testcase name="testShowProductById" class="App\Tests\Controller\ProductControllerTest" classname="App.Tests.Controller.ProductControllerTest" file="/home/feedux/dbwebb-kurser/mvc/me/report/tests/Controller/ProductControllerTest.php" line="56" assertions="3" time="0.016040"/>
        <testcase name="testUpdateProduct" class="App\Tests\Controller\ProductControllerTest" classname="App.Tests.Controller.ProductControllerTest" file="/home/feedux/dbwebb-kurser/mvc/me/report/tests/Controller/ProductControllerTest.php" line="72" assertions="3" time="0.037066"/>
        <testcase name="testDeleteProductById" class="App\Tests\Controller\ProductControllerTest" classname="App.Tests.Controller.ProductControllerTest" file="/home/feedux/dbwebb-kurser/mvc/me/report/tests/Controller/ProductControllerTest.php" line="91" assertions="3" time="0.024233"/>
        <testcase name="testViewAllProduct" class="App\Tests\Controller\ProductControllerTest" classname="App.Tests.Controller.ProductControllerTest" file="/home/feedux/dbwebb-kurser/mvc/me/report/tests/Controller/ProductControllerTest.php" line="108" assertions="3" time="0.017613"/>
      </testsuite>
    </testsuite>
  </testsuite>
</testsuites>
