<?xml version="1.0" encoding="UTF-8"?>
<testsuites>
  <testsuite name="" tests="45" assertions="162" errors="0" warnings="0" failures="0" skipped="0" time="0.430171">
    <testsuite name="Project Test Suite" tests="45" assertions="162" errors="0" warnings="0" failures="0" skipped="0" time="0.430171">
      <testsuite name="App\Card\BlackjackGameTest" file="/home/feedux/dbwebb-kurser/mvc/me/report/tests/Card/BlackjackGameTest.php" tests="10" assertions="17" errors="0" warnings="0" failures="0" skipped="0" time="0.015700">
        <testcase name="testStartDealsTwoCardsToPlayerAndDealer" class="App\Card\BlackjackGameTest" classname="App.Card.BlackjackGameTest" file="/home/feedux/dbwebb-kurser/mvc/me/report/tests/Card/BlackjackGameTest.php" line="15" assertions="2" time="0.009931"/>
        <testcase name="testPlayerTurnHitAddsCard" class="App\Card\BlackjackGameTest" classname="App.Card.BlackjackGameTest" file="/home/feedux/dbwebb-kurser/mvc/me/report/tests/Card/BlackjackGameTest.php" line="24" assertions="2" time="0.000791"/>
        <testcase name="testPlayerTurnDoubleAddsCard" class="App\Card\BlackjackGameTest" classname="App.Card.BlackjackGameTest" file="/home/feedux/dbwebb-kurser/mvc/me/report/tests/Card/BlackjackGameTest.php" line="45" assertions="2" time="0.000436"/>
        <testcase name="testPlayerTurnStandReturnsTrueAndNoCardAdded" class="App\Card\BlackjackGameTest" classname="App.Card.BlackjackGameTest" file="/home/feedux/dbwebb-kurser/mvc/me/report/tests/Card/BlackjackGameTest.php" line="65" assertions="2" time="0.000364"/>
        <testcase name="testDealerTurnDrawsUntilAtLeast17" class="App\Card\BlackjackGameTest" classname="App.Card.BlackjackGameTest" file="/home/feedux/dbwebb-kurser/mvc/me/report/tests/Card/BlackjackGameTest.php" line="77" assertions="4" time="0.002017"/>
        <testcase name="testDetermineWinnerDraw" class="App\Card\BlackjackGameTest" classname="App.Card.BlackjackGameTest" file="/home/feedux/dbwebb-kurser/mvc/me/report/tests/Card/BlackjackGameTest.php" line="90" assertions="1" time="0.000384"/>
        <testcase name="testDetermineWinnerDealerBusts" class="App\Card\BlackjackGameTest" classname="App.Card.BlackjackGameTest" file="/home/feedux/dbwebb-kurser/mvc/me/report/tests/Card/BlackjackGameTest.php" line="114" assertions="1" time="0.000474"/>
        <testcase name="testDetermineWinnerPlayerBusts" class="App\Card\BlackjackGameTest" classname="App.Card.BlackjackGameTest" file="/home/feedux/dbwebb-kurser/mvc/me/report/tests/Card/BlackjackGameTest.php" line="139" assertions="1" time="0.000427"/>
        <testcase name="testDetermineWinnerPlayerWins" class="App\Card\BlackjackGameTest" classname="App.Card.BlackjackGameTest" file="/home/feedux/dbwebb-kurser/mvc/me/report/tests/Card/BlackjackGameTest.php" line="152" assertions="1" time="0.000467"/>
        <testcase name="testDetermineWinnerDealerWins" class="App\Card\BlackjackGameTest" classname="App.Card.BlackjackGameTest" file="/home/feedux/dbwebb-kurser/mvc/me/report/tests/Card/BlackjackGameTest.php" line="177" assertions="1" time="0.000410"/>
      </testsuite>
      <testsuite name="App\Card\CardGraphicTest" file="/home/feedux/dbwebb-kurser/mvc/me/report/tests/Card/CardGraphicTest.php" tests="6" assertions="8" errors="0" warnings="0" failures="0" skipped="0" time="0.001453">
        <testcase name="testGetUnicodeCombinesValueAndSuitIcon" class="App\Card\CardGraphicTest" classname="App.Card.CardGraphicTest" file="/home/feedux/dbwebb-kurser/mvc/me/report/tests/Card/CardGraphicTest.php" line="10" assertions="2" time="0.000236"/>
        <testcase name="testGetColorRedAndBlack" class="App\Card\CardGraphicTest" classname="App.Card.CardGraphicTest" file="/home/feedux/dbwebb-kurser/mvc/me/report/tests/Card/CardGraphicTest.php" line="19" assertions="2" time="0.000212"/>
        <testcase name="testGetColoredUnicodeWrapsRedInSpan" class="App\Card\CardGraphicTest" classname="App.Card.CardGraphicTest" file="/home/feedux/dbwebb-kurser/mvc/me/report/tests/Card/CardGraphicTest.php" line="28" assertions="1" time="0.000211"/>
        <testcase name="testGetColoredUnicodeReturnsUnicodeForBlack" class="App\Card\CardGraphicTest" classname="App.Card.CardGraphicTest" file="/home/feedux/dbwebb-kurser/mvc/me/report/tests/Card/CardGraphicTest.php" line="35" assertions="1" time="0.000223"/>
        <testcase name="testToStringReturnsColoredUnicode" class="App\Card\CardGraphicTest" classname="App.Card.CardGraphicTest" file="/home/feedux/dbwebb-kurser/mvc/me/report/tests/Card/CardGraphicTest.php" line="41" assertions="1" time="0.000333"/>
        <testcase name="testInvalidSuitIconFallsBackToRawSuit" class="App\Card\CardGraphicTest" classname="App.Card.CardGraphicTest" file="/home/feedux/dbwebb-kurser/mvc/me/report/tests/Card/CardGraphicTest.php" line="47" assertions="1" time="0.000238"/>
      </testsuite>
      <testsuite name="App\Card\CardHandTest" file="/home/feedux/dbwebb-kurser/mvc/me/report/tests/Card/CardHandTest.php" tests="4" assertions="5" errors="0" warnings="0" failures="0" skipped="0" time="0.012476">
        <testcase name="testAddAddsCardToHand" class="App\Card\CardHandTest" classname="App.Card.CardHandTest" file="/home/feedux/dbwebb-kurser/mvc/me/report/tests/Card/CardHandTest.php" line="18" assertions="2" time="0.007424"/>
        <testcase name="testGetValueHandlesAcesAndFaces" class="App\Card\CardHandTest" classname="App.Card.CardHandTest" file="/home/feedux/dbwebb-kurser/mvc/me/report/tests/Card/CardHandTest.php" line="26" assertions="1" time="0.003821"/>
        <testcase name="testIsBustWhenValueOver21" class="App\Card\CardHandTest" classname="App.Card.CardHandTest" file="/home/feedux/dbwebb-kurser/mvc/me/report/tests/Card/CardHandTest.php" line="39" assertions="1" time="0.000475"/>
        <testcase name="testIsNotBustWhenValue21OrLess" class="App\Card\CardHandTest" classname="App.Card.CardHandTest" file="/home/feedux/dbwebb-kurser/mvc/me/report/tests/Card/CardHandTest.php" line="49" assertions="1" time="0.000757"/>
      </testsuite>
      <testsuite name="App\Card\CardTest" file="/home/feedux/dbwebb-kurser/mvc/me/report/tests/Card/CardTest.php" tests="3" assertions="9" errors="0" warnings="0" failures="0" skipped="0" time="0.000645">
        <testcase name="testGettersReturnAssignedValues" class="App\Card\CardTest" classname="App.Card.CardTest" file="/home/feedux/dbwebb-kurser/mvc/me/report/tests/Card/CardTest.php" line="10" assertions="2" time="0.000216"/>
        <testcase name="testGetSuitIconReturnsCorrectSymbol" class="App\Card\CardTest" classname="App.Card.CardTest" file="/home/feedux/dbwebb-kurser/mvc/me/report/tests/Card/CardTest.php" line="17" assertions="5" time="0.000224"/>
        <testcase name="testGetColorRedAndBlack" class="App\Card\CardTest" classname="App.Card.CardTest" file="/home/feedux/dbwebb-kurser/mvc/me/report/tests/Card/CardTest.php" line="27" assertions="2" time="0.000205"/>
      </testsuite>
      <testsuite name="App\Card\DealerTest" file="/home/feedux/dbwebb-kurser/mvc/me/report/tests/Card/DealerTest.php" tests="3" assertions="5" errors="0" warnings="0" failures="0" skipped="0" time="0.004464">
        <testcase name="testDealerInheritsFromPlayer" class="App\Card\DealerTest" classname="App.Card.DealerTest" file="/home/feedux/dbwebb-kurser/mvc/me/report/tests/Card/DealerTest.php" line="14" assertions="1" time="0.000563"/>
        <testcase name="testPlayTurnStopsAtSeventeenOrMore" class="App\Card\DealerTest" classname="App.Card.DealerTest" file="/home/feedux/dbwebb-kurser/mvc/me/report/tests/Card/DealerTest.php" line="20" assertions="3" time="0.003489"/>
        <testcase name="testPlayTurnDoesNotDrawIfAlreadySeventeenOrMore" class="App\Card\DealerTest" classname="App.Card.DealerTest" file="/home/feedux/dbwebb-kurser/mvc/me/report/tests/Card/DealerTest.php" line="48" assertions="1" time="0.000412"/>
      </testsuite>
      <testsuite name="App\Card\DeckOfCardsTest" file="/home/feedux/dbwebb-kurser/mvc/me/report/tests/Card/DeckOfCardsTest.php" tests="5" assertions="62" errors="0" warnings="0" failures="0" skipped="0" time="0.009026">
        <testcase name="testResetDeck" class="App\Card\DeckOfCardsTest" classname="App.Card.DeckOfCardsTest" file="/home/feedux/dbwebb-kurser/mvc/me/report/tests/Card/DeckOfCardsTest.php" line="18" assertions="53" time="0.001681"/>
        <testcase name="testShuffle" class="App\Card\DeckOfCardsTest" classname="App.Card.DeckOfCardsTest" file="/home/feedux/dbwebb-kurser/mvc/me/report/tests/Card/DeckOfCardsTest.php" line="37" assertions="1" time="0.005675"/>
        <testcase name="testDraw" class="App\Card\DeckOfCardsTest" classname="App.Card.DeckOfCardsTest" file="/home/feedux/dbwebb-kurser/mvc/me/report/tests/Card/DeckOfCardsTest.php" line="48" assertions="4" time="0.000738"/>
        <testcase name="testCardsLeft" class="App\Card\DeckOfCardsTest" classname="App.Card.DeckOfCardsTest" file="/home/feedux/dbwebb-kurser/mvc/me/report/tests/Card/DeckOfCardsTest.php" line="61" assertions="3" time="0.000477"/>
        <testcase name="testGetCards" class="App\Card\DeckOfCardsTest" classname="App.Card.DeckOfCardsTest" file="/home/feedux/dbwebb-kurser/mvc/me/report/tests/Card/DeckOfCardsTest.php" line="73" assertions="1" time="0.000454"/>
      </testsuite>
      <testsuite name="App\Card\PlayerTest" file="/home/feedux/dbwebb-kurser/mvc/me/report/tests/Card/PlayerTest.php" tests="4" assertions="8" errors="0" warnings="0" failures="0" skipped="0" time="0.001359">
        <testcase name="testNewPlayerHasEmptyHand" class="App\Card\PlayerTest" classname="App.Card.PlayerTest" file="/home/feedux/dbwebb-kurser/mvc/me/report/tests/Card/PlayerTest.php" line="19" assertions="4" time="0.000239"/>
        <testcase name="testHitAddsCardAndUpdatesValue" class="App\Card\PlayerTest" classname="App.Card.PlayerTest" file="/home/feedux/dbwebb-kurser/mvc/me/report/tests/Card/PlayerTest.php" line="28" assertions="2" time="0.000384"/>
        <testcase name="testStandDoesNotChangeHand" class="App\Card\PlayerTest" classname="App.Card.PlayerTest" file="/home/feedux/dbwebb-kurser/mvc/me/report/tests/Card/PlayerTest.php" line="37" assertions="1" time="0.000361"/>
        <testcase name="testIsBustWhenValueExceeds21" class="App\Card\PlayerTest" classname="App.Card.PlayerTest" file="/home/feedux/dbwebb-kurser/mvc/me/report/tests/Card/PlayerTest.php" line="46" assertions="1" time="0.000374"/>
      </testsuite>
      <testsuite name="App\Tests\Controller\APIControllerJsonTest" file="/home/feedux/dbwebb-kurser/mvc/me/report/tests/Controller/APIControllerTest.php" tests="10" assertions="48" errors="0" warnings="0" failures="0" skipped="0" time="0.385047">
        <testcase name="testJsonNumberReturnsValidResponse" class="App\Tests\Controller\APIControllerJsonTest" classname="App.Tests.Controller.APIControllerJsonTest" file="/home/feedux/dbwebb-kurser/mvc/me/report/tests/Controller/APIControllerTest.php" line="28" assertions="5" time="0.307856"/>
        <testcase name="testJsonQuoteReturnsQuoteAndDate" class="App\Tests\Controller\APIControllerJsonTest" classname="App.Tests.Controller.APIControllerJsonTest" file="/home/feedux/dbwebb-kurser/mvc/me/report/tests/Controller/APIControllerTest.php" line="41" assertions="7" time="0.002885"/>
        <testcase name="testGetDeckInitializesAndReturnsSortedDeck" class="App\Tests\Controller\APIControllerJsonTest" classname="App.Tests.Controller.APIControllerJsonTest" file="/home/feedux/dbwebb-kurser/mvc/me/report/tests/Controller/APIControllerTest.php" line="55" assertions="11" time="0.007198"/>
        <testcase name="testShuffleDeckReturnsShuffledDeck" class="App\Tests\Controller\APIControllerJsonTest" classname="App.Tests.Controller.APIControllerJsonTest" file="/home/feedux/dbwebb-kurser/mvc/me/report/tests/Controller/APIControllerTest.php" line="84" assertions="4" time="0.002011"/>
        <testcase name="testDrawCardsSuccess" class="App\Tests\Controller\APIControllerJsonTest" classname="App.Tests.Controller.APIControllerJsonTest" file="/home/feedux/dbwebb-kurser/mvc/me/report/tests/Controller/APIControllerTest.php" line="99" assertions="6" time="0.002989"/>
        <testcase name="testDrawCardsTooMany" class="App\Tests\Controller\APIControllerJsonTest" classname="App.Tests.Controller.APIControllerJsonTest" file="/home/feedux/dbwebb-kurser/mvc/me/report/tests/Controller/APIControllerTest.php" line="119" assertions="3" time="0.001636"/>
        <testcase name="testFormDrawRedirect" class="App\Tests\Controller\APIControllerJsonTest" classname="App.Tests.Controller.APIControllerJsonTest" file="/home/feedux/dbwebb-kurser/mvc/me/report/tests/Controller/APIControllerTest.php" line="133" assertions="3" time="0.022535"/>
        <testcase name="testListBooksReturnsJson" class="App\Tests\Controller\APIControllerJsonTest" classname="App.Tests.Controller.APIControllerJsonTest" file="/home/feedux/dbwebb-kurser/mvc/me/report/tests/Controller/APIControllerTest.php" line="146" assertions="3" time="0.032130"/>
        <testcase name="testGetBookByIsbnFound" class="App\Tests\Controller\APIControllerJsonTest" classname="App.Tests.Controller.APIControllerJsonTest" file="/home/feedux/dbwebb-kurser/mvc/me/report/tests/Controller/APIControllerTest.php" line="166" assertions="3" time="0.003579"/>
        <testcase name="testGetBookByIsbnNotFound" class="App\Tests\Controller\APIControllerJsonTest" classname="App.Tests.Controller.APIControllerJsonTest" file="/home/feedux/dbwebb-kurser/mvc/me/report/tests/Controller/APIControllerTest.php" line="186" assertions="3" time="0.002230"/>
      </testsuite>
    </testsuite>
  </testsuite>
</testsuites>
