<?xml version="1.0" encoding="UTF-8"?>
<testsuites>
  <testsuite name="" tests="62" assertions="206" errors="0" warnings="0" failures="0" skipped="0" time="0.380863">
    <testsuite name="Project Test Suite" tests="62" assertions="206" errors="0" warnings="0" failures="0" skipped="0" time="0.380863">
      <testsuite name="App\Card\BlackjackGameTest" file="/home/feedux/dbwebb-kurser/mvc/me/report/tests/Card/BlackjackGameTest.php" tests="10" assertions="17" errors="0" warnings="0" failures="0" skipped="0" time="0.020639">
        <testcase name="testStartDealsTwoCardsToPlayerAndDealer" class="App\Card\BlackjackGameTest" classname="App.Card.BlackjackGameTest" file="/home/feedux/dbwebb-kurser/mvc/me/report/tests/Card/BlackjackGameTest.php" line="15" assertions="2" time="0.009950"/>
        <testcase name="testPlayerTurnHitAddsCard" class="App\Card\BlackjackGameTest" classname="App.Card.BlackjackGameTest" file="/home/feedux/dbwebb-kurser/mvc/me/report/tests/Card/BlackjackGameTest.php" line="24" assertions="2" time="0.001463"/>
        <testcase name="testPlayerTurnDoubleAddsCard" class="App\Card\BlackjackGameTest" classname="App.Card.BlackjackGameTest" file="/home/feedux/dbwebb-kurser/mvc/me/report/tests/Card/BlackjackGameTest.php" line="45" assertions="2" time="0.000692"/>
        <testcase name="testPlayerTurnStandReturnsTrueAndNoCardAdded" class="App\Card\BlackjackGameTest" classname="App.Card.BlackjackGameTest" file="/home/feedux/dbwebb-kurser/mvc/me/report/tests/Card/BlackjackGameTest.php" line="65" assertions="2" time="0.000747"/>
        <testcase name="testDealerTurnDrawsUntilAtLeast17" class="App\Card\BlackjackGameTest" classname="App.Card.BlackjackGameTest" file="/home/feedux/dbwebb-kurser/mvc/me/report/tests/Card/BlackjackGameTest.php" line="77" assertions="4" time="0.003613"/>
        <testcase name="testDetermineWinnerDraw" class="App\Card\BlackjackGameTest" classname="App.Card.BlackjackGameTest" file="/home/feedux/dbwebb-kurser/mvc/me/report/tests/Card/BlackjackGameTest.php" line="90" assertions="1" time="0.001328"/>
        <testcase name="testDetermineWinnerDealerBusts" class="App\Card\BlackjackGameTest" classname="App.Card.BlackjackGameTest" file="/home/feedux/dbwebb-kurser/mvc/me/report/tests/Card/BlackjackGameTest.php" line="114" assertions="1" time="0.001052"/>
        <testcase name="testDetermineWinnerPlayerBusts" class="App\Card\BlackjackGameTest" classname="App.Card.BlackjackGameTest" file="/home/feedux/dbwebb-kurser/mvc/me/report/tests/Card/BlackjackGameTest.php" line="139" assertions="1" time="0.000637"/>
        <testcase name="testDetermineWinnerPlayerWins" class="App\Card\BlackjackGameTest" classname="App.Card.BlackjackGameTest" file="/home/feedux/dbwebb-kurser/mvc/me/report/tests/Card/BlackjackGameTest.php" line="152" assertions="1" time="0.000668"/>
        <testcase name="testDetermineWinnerDealerWins" class="App\Card\BlackjackGameTest" classname="App.Card.BlackjackGameTest" file="/home/feedux/dbwebb-kurser/mvc/me/report/tests/Card/BlackjackGameTest.php" line="177" assertions="1" time="0.000487"/>
      </testsuite>
      <testsuite name="App\Card\CardGraphicTest" file="/home/feedux/dbwebb-kurser/mvc/me/report/tests/Card/CardGraphicTest.php" tests="6" assertions="8" errors="0" warnings="0" failures="0" skipped="0" time="0.001764">
        <testcase name="testGetUnicodeCombinesValueAndSuitIcon" class="App\Card\CardGraphicTest" classname="App.Card.CardGraphicTest" file="/home/feedux/dbwebb-kurser/mvc/me/report/tests/Card/CardGraphicTest.php" line="10" assertions="2" time="0.000275"/>
        <testcase name="testGetColorRedAndBlack" class="App\Card\CardGraphicTest" classname="App.Card.CardGraphicTest" file="/home/feedux/dbwebb-kurser/mvc/me/report/tests/Card/CardGraphicTest.php" line="19" assertions="2" time="0.000331"/>
        <testcase name="testGetColoredUnicodeWrapsRedInSpan" class="App\Card\CardGraphicTest" classname="App.Card.CardGraphicTest" file="/home/feedux/dbwebb-kurser/mvc/me/report/tests/Card/CardGraphicTest.php" line="28" assertions="1" time="0.000282"/>
        <testcase name="testGetColoredUnicodeReturnsUnicodeForBlack" class="App\Card\CardGraphicTest" classname="App.Card.CardGraphicTest" file="/home/feedux/dbwebb-kurser/mvc/me/report/tests/Card/CardGraphicTest.php" line="35" assertions="1" time="0.000374"/>
        <testcase name="testToStringReturnsColoredUnicode" class="App\Card\CardGraphicTest" classname="App.Card.CardGraphicTest" file="/home/feedux/dbwebb-kurser/mvc/me/report/tests/Card/CardGraphicTest.php" line="41" assertions="1" time="0.000282"/>
        <testcase name="testInvalidSuitIconFallsBackToRawSuit" class="App\Card\CardGraphicTest" classname="App.Card.CardGraphicTest" file="/home/feedux/dbwebb-kurser/mvc/me/report/tests/Card/CardGraphicTest.php" line="47" assertions="1" time="0.000220"/>
      </testsuite>
      <testsuite name="App\Card\CardHandTest" file="/home/feedux/dbwebb-kurser/mvc/me/report/tests/Card/CardHandTest.php" tests="4" assertions="5" errors="0" warnings="0" failures="0" skipped="0" time="0.016062">
        <testcase name="testAddAddsCardToHand" class="App\Card\CardHandTest" classname="App.Card.CardHandTest" file="/home/feedux/dbwebb-kurser/mvc/me/report/tests/Card/CardHandTest.php" line="18" assertions="2" time="0.008799"/>
        <testcase name="testGetValueHandlesAcesAndFaces" class="App\Card\CardHandTest" classname="App.Card.CardHandTest" file="/home/feedux/dbwebb-kurser/mvc/me/report/tests/Card/CardHandTest.php" line="26" assertions="1" time="0.005988"/>
        <testcase name="testIsBustWhenValueOver21" class="App\Card\CardHandTest" classname="App.Card.CardHandTest" file="/home/feedux/dbwebb-kurser/mvc/me/report/tests/Card/CardHandTest.php" line="39" assertions="1" time="0.000490"/>
        <testcase name="testIsNotBustWhenValue21OrLess" class="App\Card\CardHandTest" classname="App.Card.CardHandTest" file="/home/feedux/dbwebb-kurser/mvc/me/report/tests/Card/CardHandTest.php" line="49" assertions="1" time="0.000785"/>
      </testsuite>
      <testsuite name="App\Card\CardTest" file="/home/feedux/dbwebb-kurser/mvc/me/report/tests/Card/CardTest.php" tests="3" assertions="9" errors="0" warnings="0" failures="0" skipped="0" time="0.000729">
        <testcase name="testGettersReturnAssignedValues" class="App\Card\CardTest" classname="App.Card.CardTest" file="/home/feedux/dbwebb-kurser/mvc/me/report/tests/Card/CardTest.php" line="10" assertions="2" time="0.000236"/>
        <testcase name="testGetSuitIconReturnsCorrectSymbol" class="App\Card\CardTest" classname="App.Card.CardTest" file="/home/feedux/dbwebb-kurser/mvc/me/report/tests/Card/CardTest.php" line="17" assertions="5" time="0.000254"/>
        <testcase name="testGetColorRedAndBlack" class="App\Card\CardTest" classname="App.Card.CardTest" file="/home/feedux/dbwebb-kurser/mvc/me/report/tests/Card/CardTest.php" line="27" assertions="2" time="0.000238"/>
      </testsuite>
      <testsuite name="App\Card\DealerTest" file="/home/feedux/dbwebb-kurser/mvc/me/report/tests/Card/DealerTest.php" tests="3" assertions="5" errors="0" warnings="0" failures="0" skipped="0" time="0.004177">
        <testcase name="testDealerInheritsFromPlayer" class="App\Card\DealerTest" classname="App.Card.DealerTest" file="/home/feedux/dbwebb-kurser/mvc/me/report/tests/Card/DealerTest.php" line="14" assertions="1" time="0.000653"/>
        <testcase name="testPlayTurnStopsAtSeventeenOrMore" class="App\Card\DealerTest" classname="App.Card.DealerTest" file="/home/feedux/dbwebb-kurser/mvc/me/report/tests/Card/DealerTest.php" line="20" assertions="3" time="0.002784"/>
        <testcase name="testPlayTurnDoesNotDrawIfAlreadySeventeenOrMore" class="App\Card\DealerTest" classname="App.Card.DealerTest" file="/home/feedux/dbwebb-kurser/mvc/me/report/tests/Card/DealerTest.php" line="48" assertions="1" time="0.000739"/>
      </testsuite>
      <testsuite name="App\Card\DeckOfCardsTest" file="/home/feedux/dbwebb-kurser/mvc/me/report/tests/Card/DeckOfCardsTest.php" tests="5" assertions="62" errors="0" warnings="0" failures="0" skipped="0" time="0.009991">
        <testcase name="testResetDeck" class="App\Card\DeckOfCardsTest" classname="App.Card.DeckOfCardsTest" file="/home/feedux/dbwebb-kurser/mvc/me/report/tests/Card/DeckOfCardsTest.php" line="18" assertions="53" time="0.001788"/>
        <testcase name="testShuffle" class="App\Card\DeckOfCardsTest" classname="App.Card.DeckOfCardsTest" file="/home/feedux/dbwebb-kurser/mvc/me/report/tests/Card/DeckOfCardsTest.php" line="37" assertions="1" time="0.006469"/>
        <testcase name="testDraw" class="App\Card\DeckOfCardsTest" classname="App.Card.DeckOfCardsTest" file="/home/feedux/dbwebb-kurser/mvc/me/report/tests/Card/DeckOfCardsTest.php" line="48" assertions="4" time="0.000680"/>
        <testcase name="testCardsLeft" class="App\Card\DeckOfCardsTest" classname="App.Card.DeckOfCardsTest" file="/home/feedux/dbwebb-kurser/mvc/me/report/tests/Card/DeckOfCardsTest.php" line="61" assertions="3" time="0.000596"/>
        <testcase name="testGetCards" class="App\Card\DeckOfCardsTest" classname="App.Card.DeckOfCardsTest" file="/home/feedux/dbwebb-kurser/mvc/me/report/tests/Card/DeckOfCardsTest.php" line="73" assertions="1" time="0.000460"/>
      </testsuite>
      <testsuite name="App\Card\PlayerTest" file="/home/feedux/dbwebb-kurser/mvc/me/report/tests/Card/PlayerTest.php" tests="4" assertions="8" errors="0" warnings="0" failures="0" skipped="0" time="0.001628">
        <testcase name="testNewPlayerHasEmptyHand" class="App\Card\PlayerTest" classname="App.Card.PlayerTest" file="/home/feedux/dbwebb-kurser/mvc/me/report/tests/Card/PlayerTest.php" line="19" assertions="4" time="0.000425"/>
        <testcase name="testHitAddsCardAndUpdatesValue" class="App\Card\PlayerTest" classname="App.Card.PlayerTest" file="/home/feedux/dbwebb-kurser/mvc/me/report/tests/Card/PlayerTest.php" line="28" assertions="2" time="0.000398"/>
        <testcase name="testStandDoesNotChangeHand" class="App\Card\PlayerTest" classname="App.Card.PlayerTest" file="/home/feedux/dbwebb-kurser/mvc/me/report/tests/Card/PlayerTest.php" line="37" assertions="1" time="0.000347"/>
        <testcase name="testIsBustWhenValueExceeds21" class="App\Card\PlayerTest" classname="App.Card.PlayerTest" file="/home/feedux/dbwebb-kurser/mvc/me/report/tests/Card/PlayerTest.php" line="46" assertions="1" time="0.000458"/>
      </testsuite>
      <testsuite name="App\Tests\Controller\APIControllerJsonTest" file="/home/feedux/dbwebb-kurser/mvc/me/report/tests/Controller/APIControllerTest.php" tests="10" assertions="48" errors="0" warnings="0" failures="0" skipped="0" time="0.297683">
        <testcase name="testJsonNumberReturnsValidResponse" class="App\Tests\Controller\APIControllerJsonTest" classname="App.Tests.Controller.APIControllerJsonTest" file="/home/feedux/dbwebb-kurser/mvc/me/report/tests/Controller/APIControllerTest.php" line="28" assertions="5" time="0.241567"/>
        <testcase name="testJsonQuoteReturnsQuoteAndDate" class="App\Tests\Controller\APIControllerJsonTest" classname="App.Tests.Controller.APIControllerJsonTest" file="/home/feedux/dbwebb-kurser/mvc/me/report/tests/Controller/APIControllerTest.php" line="41" assertions="7" time="0.001590"/>
        <testcase name="testGetDeckInitializesAndReturnsSortedDeck" class="App\Tests\Controller\APIControllerJsonTest" classname="App.Tests.Controller.APIControllerJsonTest" file="/home/feedux/dbwebb-kurser/mvc/me/report/tests/Controller/APIControllerTest.php" line="55" assertions="11" time="0.005214"/>
        <testcase name="testShuffleDeckReturnsShuffledDeck" class="App\Tests\Controller\APIControllerJsonTest" classname="App.Tests.Controller.APIControllerJsonTest" file="/home/feedux/dbwebb-kurser/mvc/me/report/tests/Controller/APIControllerTest.php" line="84" assertions="4" time="0.001699"/>
        <testcase name="testDrawCardsSuccess" class="App\Tests\Controller\APIControllerJsonTest" classname="App.Tests.Controller.APIControllerJsonTest" file="/home/feedux/dbwebb-kurser/mvc/me/report/tests/Controller/APIControllerTest.php" line="99" assertions="6" time="0.001687"/>
        <testcase name="testDrawCardsTooMany" class="App\Tests\Controller\APIControllerJsonTest" classname="App.Tests.Controller.APIControllerJsonTest" file="/home/feedux/dbwebb-kurser/mvc/me/report/tests/Controller/APIControllerTest.php" line="119" assertions="3" time="0.001352"/>
        <testcase name="testFormDrawRedirect" class="App\Tests\Controller\APIControllerJsonTest" classname="App.Tests.Controller.APIControllerJsonTest" file="/home/feedux/dbwebb-kurser/mvc/me/report/tests/Controller/APIControllerTest.php" line="133" assertions="3" time="0.018545"/>
        <testcase name="testListBooksReturnsJson" class="App\Tests\Controller\APIControllerJsonTest" classname="App.Tests.Controller.APIControllerJsonTest" file="/home/feedux/dbwebb-kurser/mvc/me/report/tests/Controller/APIControllerTest.php" line="146" assertions="3" time="0.022500"/>
        <testcase name="testGetBookByIsbnFound" class="App\Tests\Controller\APIControllerJsonTest" classname="App.Tests.Controller.APIControllerJsonTest" file="/home/feedux/dbwebb-kurser/mvc/me/report/tests/Controller/APIControllerTest.php" line="166" assertions="3" time="0.002065"/>
        <testcase name="testGetBookByIsbnNotFound" class="App\Tests\Controller\APIControllerJsonTest" classname="App.Tests.Controller.APIControllerJsonTest" file="/home/feedux/dbwebb-kurser/mvc/me/report/tests/Controller/APIControllerTest.php" line="186" assertions="3" time="0.001464"/>
      </testsuite>
      <testsuite name="App\Tests\Controller\CardControllerTest" file="/home/feedux/dbwebb-kurser/mvc/me/report/tests/Controller/CardControllerTest.php" tests="8" assertions="23" errors="0" warnings="0" failures="0" skipped="0" time="0.015975">
        <testcase name="testHomeRendersWithSessionData" class="App\Tests\Controller\CardControllerTest" classname="App.Tests.Controller.CardControllerTest" file="/home/feedux/dbwebb-kurser/mvc/me/report/tests/Controller/CardControllerTest.php" line="50" assertions="3" time="0.006186"/>
        <testcase name="testIndexRendersWithSessionData" class="App\Tests\Controller\CardControllerTest" classname="App.Tests.Controller.CardControllerTest" file="/home/feedux/dbwebb-kurser/mvc/me/report/tests/Controller/CardControllerTest.php" line="64" assertions="3" time="0.001026"/>
        <testcase name="testSessionDeleteClearsSessionAndRedirects" class="App\Tests\Controller\CardControllerTest" classname="App.Tests.Controller.CardControllerTest" file="/home/feedux/dbwebb-kurser/mvc/me/report/tests/Controller/CardControllerTest.php" line="79" assertions="3" time="0.000976"/>
        <testcase name="testDeckCreatesNewDeckWhenNoneInSession" class="App\Tests\Controller\CardControllerTest" classname="App.Tests.Controller.CardControllerTest" file="/home/feedux/dbwebb-kurser/mvc/me/report/tests/Controller/CardControllerTest.php" line="92" assertions="3" time="0.001373"/>
        <testcase name="testDeckShuffleAlwaysShufflesAndRenders" class="App\Tests\Controller\CardControllerTest" classname="App.Tests.Controller.CardControllerTest" file="/home/feedux/dbwebb-kurser/mvc/me/report/tests/Controller/CardControllerTest.php" line="114" assertions="3" time="0.001583"/>
        <testcase name="testDeckDrawCreatesDeckIfMissingAndDrawsOneCard" class="App\Tests\Controller\CardControllerTest" classname="App.Tests.Controller.CardControllerTest" file="/home/feedux/dbwebb-kurser/mvc/me/report/tests/Controller/CardControllerTest.php" line="128" assertions="3" time="0.001594"/>
        <testcase name="testDeckDrawNumberThrowsWhenTooMany" class="App\Tests\Controller\CardControllerTest" classname="App.Tests.Controller.CardControllerTest" file="/home/feedux/dbwebb-kurser/mvc/me/report/tests/Controller/CardControllerTest.php" line="147" assertions="2" time="0.001677"/>
        <testcase name="testDeckDrawNumberDrawsSpecifiedCount" class="App\Tests\Controller\CardControllerTest" classname="App.Tests.Controller.CardControllerTest" file="/home/feedux/dbwebb-kurser/mvc/me/report/tests/Controller/CardControllerTest.php" line="156" assertions="3" time="0.001559"/>
      </testsuite>
      <testsuite name="App\Tests\Controller\GameControllerTest" file="/home/feedux/dbwebb-kurser/mvc/me/report/tests/Controller/GameControllerTest.php" tests="9" assertions="21" errors="0" warnings="0" failures="0" skipped="0" time="0.012216">
        <testcase name="testHomeRenders" class="App\Tests\Controller\GameControllerTest" classname="App.Tests.Controller.GameControllerTest" file="/home/feedux/dbwebb-kurser/mvc/me/report/tests/Controller/GameControllerTest.php" line="48" assertions="2" time="0.002328"/>
        <testcase name="testDocRenders" class="App\Tests\Controller\GameControllerTest" classname="App.Tests.Controller.GameControllerTest" file="/home/feedux/dbwebb-kurser/mvc/me/report/tests/Controller/GameControllerTest.php" line="55" assertions="2" time="0.000764"/>
        <testcase name="testStartCreatesGameAndRedirects" class="App\Tests\Controller\GameControllerTest" classname="App.Tests.Controller.GameControllerTest" file="/home/feedux/dbwebb-kurser/mvc/me/report/tests/Controller/GameControllerTest.php" line="62" assertions="3" time="0.001075"/>
        <testcase name="testPlayRendersWithGameData" class="App\Tests\Controller\GameControllerTest" classname="App.Tests.Controller.GameControllerTest" file="/home/feedux/dbwebb-kurser/mvc/me/report/tests/Controller/GameControllerTest.php" line="74" assertions="2" time="0.002366"/>
        <testcase name="testHitAliveRedirects" class="App\Tests\Controller\GameControllerTest" classname="App.Tests.Controller.GameControllerTest" file="/home/feedux/dbwebb-kurser/mvc/me/report/tests/Controller/GameControllerTest.php" line="108" assertions="2" time="0.001028"/>
        <testcase name="testHitDeadRedirects" class="App\Tests\Controller\GameControllerTest" classname="App.Tests.Controller.GameControllerTest" file="/home/feedux/dbwebb-kurser/mvc/me/report/tests/Controller/GameControllerTest.php" line="120" assertions="2" time="0.000975"/>
        <testcase name="testStandAlwaysRedirectsToResult" class="App\Tests\Controller\GameControllerTest" classname="App.Tests.Controller.GameControllerTest" file="/home/feedux/dbwebb-kurser/mvc/me/report/tests/Controller/GameControllerTest.php" line="132" assertions="3" time="0.001022"/>
        <testcase name="testDoubleHandlesAliveAndRedirects" class="App\Tests\Controller\GameControllerTest" classname="App.Tests.Controller.GameControllerTest" file="/home/feedux/dbwebb-kurser/mvc/me/report/tests/Controller/GameControllerTest.php" line="145" assertions="3" time="0.001199"/>
        <testcase name="testResultRendersWithWinner" class="App\Tests\Controller\GameControllerTest" classname="App.Tests.Controller.GameControllerTest" file="/home/feedux/dbwebb-kurser/mvc/me/report/tests/Controller/GameControllerTest.php" line="158" assertions="2" time="0.001460"/>
      </testsuite>
    </testsuite>
  </testsuite>
</testsuites>
